<?xml version="1.0" encoding="UTF-8"?>
<!-- Generated by org.testng.reporters.JUnitReportReporter -->
<testsuite skipped="0" hostname="apples-MacBook-Pro.local" name="org.sixAutomation.SDETTraining.VerifyOfListOfElements" tests="1" failures="0" timestamp="2021-09-08T10:44:14 IST" time="4.881" errors="0">
  <testcase name="verifyListOfElements" time="4.881" classname="org.sixAutomation.SDETTraining.VerifyOfListOfElements"/>
</testsuite> <!-- org.sixAutomation.SDETTraining.VerifyOfListOfElements -->
