<?xml version="1.0" encoding="UTF-8"?>
<!-- Generated by org.testng.reporters.JUnitReportReporter -->
<testsuite skipped="0" hostname="apples-MacBook-Pro.local" name="org.sixAutomation.SDETTraining.TestNG.Anatations" tests="3" failures="0" timestamp="17 Aug 2021 04:43:46 GMT" time="0.010" errors="0">
  <testcase name="loginTest" time="0.001" classname="org.sixAutomation.SDETTraining.TestNG.Anatations"/>
  <testcase name="homeTest" time="0.009" classname="org.sixAutomation.SDETTraining.TestNG.Anatations"/>
  <testcase name="registrationTest" time="0.000" classname="org.sixAutomation.SDETTraining.TestNG.Anatations"/>
</testsuite> <!-- org.sixAutomation.SDETTraining.TestNG.Anatations -->
