<?xml version="1.0" encoding="UTF-8"?>
<!-- Generated by org.testng.reporters.JUnitReportReporter -->
<testsuite skipped="0" hostname="apples-MacBook-Pro.local" name="org.sixAutomation.SDETTraining.TestNG.ReadDataFromDataProvider" tests="4" failures="0" timestamp="2021-09-21T10:47:56 IST" time="0.010" errors="0">
  <testcase name="getDataFromDP1" time="0.001" classname="org.sixAutomation.SDETTraining.TestNG.ReadDataFromDataProvider"/>
  <testcase name="getDataFromDP1" time="0.007" classname="org.sixAutomation.SDETTraining.TestNG.ReadDataFromDataProvider"/>
  <testcase name="getDataFromDP1" time="0.001" classname="org.sixAutomation.SDETTraining.TestNG.ReadDataFromDataProvider"/>
  <testcase name="getDataFromDP1" time="0.001" classname="org.sixAutomation.SDETTraining.TestNG.ReadDataFromDataProvider"/>
</testsuite> <!-- org.sixAutomation.SDETTraining.TestNG.ReadDataFromDataProvider -->
