<?xml version="1.0" encoding="UTF-8"?>
<!-- Generated by org.testng.reporters.JUnitReportReporter -->
<testsuite skipped="0" hostname="apples-MacBook-Pro.local" name="org.sixAutomation.SDETTraining.TestNG.VerifyTestNG" tests="3" failures="0" timestamp="17 Aug 2021 05:12:24 GMT" time="0.019" errors="0">
  <testcase name="booking" time="0.003" classname="org.sixAutomation.SDETTraining.TestNG.VerifyTestNG"/>
  <testcase name="transactionTest" time="0.004" classname="org.sixAutomation.SDETTraining.TestNG.VerifyTestNG"/>
  <testcase name="loginTest" time="0.012" classname="org.sixAutomation.SDETTraining.TestNG.VerifyTestNG"/>
</testsuite> <!-- org.sixAutomation.SDETTraining.TestNG.VerifyTestNG -->
