<?xml version="1.0" encoding="UTF-8"?>
<!-- Generated by org.testng.reporters.JUnitReportReporter -->
<testsuite skipped="0" hostname="apples-MacBook-Pro.local" name="org.sixAutomation.SDETTraining.MakeMyTrip" tests="1" failures="0" timestamp="2021-09-17T12:40:27 IST" time="6.648" errors="0">
  <testcase name="passDynamicValues" time="6.648" classname="org.sixAutomation.SDETTraining.MakeMyTrip"/>
</testsuite> <!-- org.sixAutomation.SDETTraining.MakeMyTrip -->
