<?xml version="1.0" encoding="UTF-8"?>
<!-- Generated by org.testng.reporters.JUnitReportReporter -->
<testsuite skipped="0" hostname="apples-MacBook-Pro.local" name="org.sixAutomation.SDETTraining.TestNG.TestNGExecutions" tests="2" failures="0" timestamp="2021-09-21T09:53:45 IST" time="0.004" errors="0">
  <testcase name="test4" time="0.002" classname="org.sixAutomation.SDETTraining.TestNG.TestNGExecutions"/>
  <testcase name="test3" time="0.002" classname="org.sixAutomation.SDETTraining.TestNG.TestNGExecutions"/>
</testsuite> <!-- org.sixAutomation.SDETTraining.TestNG.TestNGExecutions -->
