<?xml version="1.0" encoding="UTF-8"?>
<!-- Generated by org.testng.reporters.JUnitReportReporter -->
<testsuite skipped="0" hostname="apples-MacBook-Pro.local" name="org.sixAutomation.SDETTraining.SingleVsMultipleElements" tests="1" failures="0" timestamp="2021-09-09T11:09:59 IST" time="36.009" errors="0">
  <testcase name="verifyDuplicateElements" time="36.009" classname="org.sixAutomation.SDETTraining.SingleVsMultipleElements"/>
</testsuite> <!-- org.sixAutomation.SDETTraining.SingleVsMultipleElements -->
