<?xml version="1.0" encoding="UTF-8"?>
<!-- Generated by org.testng.reporters.JUnitReportReporter -->
<testsuite skipped="0" hostname="apples-MacBook-Pro.local" name="org.sixAutomation.SDETTraining.UnderstandingDriver" tests="1" failures="0" timestamp="20 Aug 2021 10:09:27 GMT" time="10.207" errors="0">
  <testcase name="test1" time="10.207" classname="org.sixAutomation.SDETTraining.UnderstandingDriver"/>
</testsuite> <!-- org.sixAutomation.SDETTraining.UnderstandingDriver -->
