<?xml version="1.0" encoding="UTF-8"?>
<!-- Generated by org.testng.reporters.JUnitReportReporter -->
<testsuite skipped="0" hostname="apples-MacBook-Pro.local" name="org.sixAutomation.SDETTraining.TestNG.TestNGExecutions2" tests="1" failures="0" timestamp="2021-09-21T10:08:58 IST" time="0.001" errors="0">
  <testcase name="test6" time="0.001" classname="org.sixAutomation.SDETTraining.TestNG.TestNGExecutions2"/>
</testsuite> <!-- org.sixAutomation.SDETTraining.TestNG.TestNGExecutions2 -->
