<?xml version="1.0" encoding="UTF-8"?>
<!-- Generated by org.testng.reporters.JUnitReportReporter -->
<testsuite skipped="0" hostname="apples-MacBook-Pro.local" name="org.sixAutomation.SDETTraining.Verifications" tests="1" failures="0" timestamp="20 Aug 2021 04:36:19 GMT" time="38.960" errors="0">
  <testcase name="isElementEnabled" time="38.960" classname="org.sixAutomation.SDETTraining.Verifications"/>
</testsuite> <!-- org.sixAutomation.SDETTraining.Verifications -->
