<?xml version="1.0" encoding="UTF-8"?>
<!-- Generated by org.testng.reporters.JUnitReportReporter -->
<testsuite skipped="0" hostname="apples-MacBook-Pro.local" name="org.sixAutomation.SDETTraining.HandleJSAlerts" tests="1" failures="0" timestamp="2021-09-15T11:16:03 IST" time="5.861" errors="0">
  <testcase name="acceptJSAlert" time="5.861" classname="org.sixAutomation.SDETTraining.HandleJSAlerts"/>
</testsuite> <!-- org.sixAutomation.SDETTraining.HandleJSAlerts -->
