<?xml version="1.0" encoding="UTF-8"?>
<!-- Generated by org.testng.reporters.JUnitReportReporter -->
<testsuite skipped="0" hostname="apples-MacBook-Pro.local" name="org.sixAutomation.SDETTraining.TestNG.UnderstandingTestNG" tests="1" failures="0" timestamp="17 Aug 2021 04:52:33 GMT" time="0.006" errors="0">
  <testcase name="test" time="0.006" classname="org.sixAutomation.SDETTraining.TestNG.UnderstandingTestNG"/>
</testsuite> <!-- org.sixAutomation.SDETTraining.TestNG.UnderstandingTestNG -->
