<?xml version="1.0" encoding="UTF-8"?>
<!-- Generated by org.testng.reporters.JUnitReportReporter -->
<testsuite skipped="0" hostname="apples-MacBook-Pro.local" name="org.sixAutomation.SDETTraining.TestNG.TestGroups" tests="4" failures="0" timestamp="2021-09-21T09:44:01 IST" time="0.012" errors="0">
  <testcase name="test1" time="0.008" classname="org.sixAutomation.SDETTraining.TestNG.TestGroups"/>
  <testcase name="test1" time="0.002" classname="org.sixAutomation.SDETTraining.TestNG.TestGroups"/>
  <testcase name="test2" time="0.001" classname="org.sixAutomation.SDETTraining.TestNG.TestGroups"/>
  <testcase name="test1" time="0.001" classname="org.sixAutomation.SDETTraining.TestNG.TestGroups"/>
</testsuite> <!-- org.sixAutomation.SDETTraining.TestNG.TestGroups -->
