<?xml version="1.0" encoding="UTF-8"?>
<!-- Generated by org.testng.reporters.JUnitReportReporter -->
<testsuite skipped="0" hostname="apples-MacBook-Pro.local" name="org.sixAutomation.SDETTraining.HandleMultipleWindows" tests="1" failures="0" timestamp="2021-09-04T17:19:11 IST" time="8.539" errors="0">
  <testcase name="verifySwitchingWindow" time="8.539" classname="org.sixAutomation.SDETTraining.HandleMultipleWindows"/>
</testsuite> <!-- org.sixAutomation.SDETTraining.HandleMultipleWindows -->
