<?xml version="1.0" encoding="UTF-8"?>
<!-- Generated by org.testng.reporters.JUnitReportReporter -->
<testsuite skipped="0" hostname="apples-MacBook-Pro.local" name="org.sixAutomation.SDETTraining.OpenBrowser" tests="1" failures="0" timestamp="11 Aug 2021 05:32:44 GMT" time="14.341" errors="0">
  <testcase name="launchBrowser" time="14.341" classname="org.sixAutomation.SDETTraining.OpenBrowser"/>
</testsuite> <!-- org.sixAutomation.SDETTraining.OpenBrowser -->
