<?xml version="1.0" encoding="UTF-8"?>
<!-- Generated by org.testng.reporters.JUnitReportReporter -->
<testsuite skipped="0" hostname="apples-MacBook-Pro.local" name="org.sixAutomation.SDETTraining.UnderstandingStrings" tests="1" failures="0" timestamp="2021-09-27T11:22:12 IST" time="0.011" errors="0">
  <testcase name="findDups" time="0.011" classname="org.sixAutomation.SDETTraining.UnderstandingStrings"/>
</testsuite> <!-- org.sixAutomation.SDETTraining.UnderstandingStrings -->
