<?xml version="1.0" encoding="UTF-8"?>
<!-- Generated by org.testng.reporters.JUnitReportReporter -->
<testsuite skipped="0" hostname="apples-MacBook-Pro.local" name="org.sixAutomation.SDETTraining.ElementIntraction" tests="1" failures="0" timestamp="11 Aug 2021 05:23:22 GMT" time="8.149" errors="0">
  <testcase name="isSelectedUserTypeRadioButton" time="8.149" classname="org.sixAutomation.SDETTraining.ElementIntraction"/>
</testsuite> <!-- org.sixAutomation.SDETTraining.ElementIntraction -->
