<?xml version="1.0" encoding="UTF-8"?>
<!-- Generated by org.testng.reporters.JUnitReportReporter -->
<testsuite skipped="0" hostname="apples-MacBook-Pro.local" name="org.sixAutomation.SDETTraining.DropDownHandle" tests="1" failures="0" timestamp="19 Aug 2021 12:21:01 GMT" time="29.751" errors="0">
  <testcase name="selectCountryFromDropDown" time="29.751" classname="org.sixAutomation.SDETTraining.DropDownHandle"/>
</testsuite> <!-- org.sixAutomation.SDETTraining.DropDownHandle -->
