<?xml version="1.0" encoding="UTF-8"?>
<!-- Generated by org.testng.reporters.JUnitReportReporter -->
<testsuite skipped="0" hostname="apples-MacBook-Pro.local" name="org.sixAutomation.SDETTraining.TestNG.TestNGExecutions1" tests="2" failures="0" timestamp="2021-09-21T10:09:08 IST" time="0.003" errors="0">
  <testcase name="test4" time="0.001" classname="org.sixAutomation.SDETTraining.TestNG.TestNGExecutions1"/>
  <testcase name="test3" time="0.002" classname="org.sixAutomation.SDETTraining.TestNG.TestNGExecutions1"/>
</testsuite> <!-- org.sixAutomation.SDETTraining.TestNG.TestNGExecutions1 -->
