<?xml version="1.0" encoding="UTF-8"?>
<!-- Generated by org.testng.reporters.JUnitReportReporter -->
<testsuite skipped="0" hostname="apples-MacBook-Pro.local" name="org.sixAutomation.SDETTraining.FramesHandle" tests="1" failures="0" timestamp="24 Aug 2021 07:36:46 GMT" time="1.486" errors="0">
  <testcase name="switchingToInnerFrames" time="1.486" classname="org.sixAutomation.SDETTraining.FramesHandle"/>
</testsuite> <!-- org.sixAutomation.SDETTraining.FramesHandle -->
