<?xml version="1.0" encoding="UTF-8"?>
<!-- Generated by org.testng.reporters.JUnitReportReporter -->
<testsuite skipped="0" hostname="apples-MacBook-Pro.local" name="org.sixAutomation.SDETTraining.MoveToELementAndClick" tests="1" failures="0" timestamp="19 Aug 2021 12:46:45 GMT" time="11.333" errors="0">
  <testcase name="selectSubMenuItem" time="11.333" classname="org.sixAutomation.SDETTraining.MoveToELementAndClick"/>
</testsuite> <!-- org.sixAutomation.SDETTraining.MoveToELementAndClick -->
