<?xml version="1.0" encoding="UTF-8"?>
<!-- Generated by org.testng.reporters.JUnitReportReporter -->
<testsuite skipped="0" hostname="apples-MacBook-Pro.local" name="org.sixAutomation.SDETTraining.JavaCollections" tests="1" failures="0" timestamp="2021-09-08T10:13:20 IST" time="0.023" errors="0">
  <testcase name="understandingMap" time="0.023" classname="org.sixAutomation.SDETTraining.JavaCollections"/>
</testsuite> <!-- org.sixAutomation.SDETTraining.JavaCollections -->
